# JRE version: OpenJDK Runtime Environment (15.0.2+7) (build 15.0.2+7-27)
# Java VM: OpenJDK 64-Bit Server VM (15.0.2+7-27, mixed mode, sharing, tiered, compressed oops, g1 gc, windows-amd64)
GC Precious Log:
 CPUs: 4 total, 4 available
 Memory: 3969M
 Large Page Support: Disabled
 NUMA Support: Disabled
 Compressed Oops: Enabled (32-bit)
 Heap Region Size: 1M
 Heap Min Capacity: 8M
 Heap Initial Capacity: 64M
 Heap Max Capacity: 994M
 Pre-touch: Disabled
 Parallel Workers: 4
 Concurrent Workers: 1
 Concurrent Refinement Workers: 4
 Periodic GC: Disabled
Heap:
 garbage-first heap   total 65536K, used 9049K [0x00000000c1e00000, 0x0000000100000000)
  region size 1024K, 5 young (5120K), 2 survivors (2048K)
 Metaspace       used 10616K, capacity 11883K, committed 12032K, reserved 1058816K
  class space    used 1643K, capacity 1730K, committed 1792K, reserved 1048576K
GC Heap History (6 events):
Event: 2.570 GC heap before
{Heap before GC invocations=0 (full 0):
 garbage-first heap   total 65536K, used 12288K [0x00000000c1e00000, 0x0000000100000000)
  region size 1024K, 13 young (13312K), 0 survivors (0K)
 Metaspace       used 3352K, capacity 5594K, committed 5760K, reserved 1056768K
  class space    used 363K, capacity 541K, committed 640K, reserved 1048576K
}
Event: 2.615 GC heap after
{Heap after GC invocations=1 (full 0):
 garbage-first heap   total 65536K, used 5260K [0x00000000c1e00000, 0x0000000100000000)
  region size 1024K, 2 young (2048K), 2 survivors (2048K)
 Metaspace       used 3352K, capacity 5594K, committed 5760K, reserved 1056768K
  class space    used 363K, capacity 541K, committed 640K, reserved 1048576K
}
Event: 3.455 GC heap before
{Heap before GC invocations=1 (full 0):
 garbage-first heap   total 65536K, used 14476K [0x00000000c1e00000, 0x0000000100000000)
  region size 1024K, 11 young (11264K), 2 survivors (2048K)
 Metaspace       used 5362K, capacity 7046K, committed 7296K, reserved 1056768K
  class space    used 679K, capacity 851K, committed 896K, reserved 1048576K
}
Event: 3.463 GC heap after
{Heap after GC invocations=2 (full 0):
 garbage-first heap   total 65536K, used 6094K [0x00000000c1e00000, 0x0000000100000000)
  region size 1024K, 1 young (1024K), 1 survivors (1024K)
 Metaspace       used 5362K, capacity 7046K, committed 7296K, reserved 1056768K
  class space    used 679K, capacity 851K, committed 896K, reserved 1048576K
}
Event: 4.784 GC heap before
{Heap before GC invocations=2 (full 0):
 garbage-first heap   total 65536K, used 27598K [0x00000000c1e00000, 0x0000000100000000)
  region size 1024K, 22 young (22528K), 1 survivors (1024K)
 Metaspace       used 10043K, capacity 11365K, committed 11520K, reserved 1058816K
  class space    used 1553K, capacity 1665K, committed 1792K, reserved 1048576K
}
Event: 4.791 GC heap after
{Heap after GC invocations=3 (full 0):
 garbage-first heap   total 65536K, used 7001K [0x00000000c1e00000, 0x0000000100000000)
  region size 1024K, 2 young (2048K), 2 survivors (2048K)
 Metaspace       used 10043K, capacity 11365K, committed 11520K, reserved 1058816K
  class space    used 1553K, capacity 1665K, committed 1792K, reserved 1048576K
}

